# JRE version: OpenJDK Runtime Environment (8.0_152-b01) (build 1.8.0_152-release-1343-b01)
# Java VM: OpenJDK 64-Bit Server VM (25.152-b01 mixed mode windows-amd64 compressed oops)
Heap:
 PSYoungGen      total 270336K, used 67490K [0x00000000e0000000, 0x00000000f3100000, 0x0000000100000000)
  eden space 228352K, 27% used [0x00000000e0000000,0x00000000e3dec588,0x00000000edf00000)
  from space 41984K, 9% used [0x00000000f0780000,0x00000000f0b7c390,0x00000000f3080000)
  to   space 41472K, 0% used [0x00000000edf00000,0x00000000edf00000,0x00000000f0780000)
 ParOldGen       total 90112K, used 70193K [0x00000000a0000000, 0x00000000a5800000, 0x00000000e0000000)
  object space 90112K, 77% used [0x00000000a0000000,0x00000000a448c508,0x00000000a5800000)
 Metaspace       used 96263K, capacity 99914K, committed 100352K, reserved 1136640K
  class space    used 12134K, capacity 12879K, committed 13056K, reserved 1048576K
GC Heap History (10 events):
Event: 1034.570 GC heap before
{Heap before GC invocations=18 (full 3):
 PSYoungGen      total 198144K, used 196158K [0x00000000e0000000, 0x00000000ed780000, 0x0000000100000000)
  eden space 179712K, 100% used [0x00000000e0000000,0x00000000eaf80000,0x00000000eaf80000)
  from space 18432K, 89% used [0x00000000ec380000,0x00000000ed38f910,0x00000000ed580000)
  to   space 20480K, 0% used [0x00000000eaf80000,0x00000000eaf80000,0x00000000ec380000)
 ParOldGen       total 90112K, used 28458K [0x00000000a0000000, 0x00000000a5800000, 0x00000000e0000000)
  object space 90112K, 31% used [0x00000000a0000000,0x00000000a1bcab50,0x00000000a5800000)
 Metaspace       used 77113K, capacity 79764K, committed 80000K, reserved 1118208K
  class space    used 10017K, capacity 10624K, committed 10624K, reserved 1048576K
Event: 1034.899 GC heap after
Heap after GC invocations=18 (full 3):
 PSYoungGen      total 200192K, used 20464K [0x00000000e0000000, 0x00000000f0980000, 0x0000000100000000)
  eden space 179712K, 0% used [0x00000000e0000000,0x00000000e0000000,0x00000000eaf80000)
  from space 20480K, 99% used [0x00000000eaf80000,0x00000000ec37c040,0x00000000ec380000)
  to   space 28160K, 0% used [0x00000000eee00000,0x00000000eee00000,0x00000000f0980000)
 ParOldGen       total 90112K, used 40290K [0x00000000a0000000, 0x00000000a5800000, 0x00000000e0000000)
  object space 90112K, 44% used [0x00000000a0000000,0x00000000a2758918,0x00000000a5800000)
 Metaspace       used 77113K, capacity 79764K, committed 80000K, reserved 1118208K
  class space    used 10017K, capacity 10624K, committed 10624K, reserved 1048576K
}
Event: 1047.839 GC heap before
{Heap before GC invocations=19 (full 3):
 PSYoungGen      total 200192K, used 200176K [0x00000000e0000000, 0x00000000f0980000, 0x0000000100000000)
  eden space 179712K, 100% used [0x00000000e0000000,0x00000000eaf80000,0x00000000eaf80000)
  from space 20480K, 99% used [0x00000000eaf80000,0x00000000ec37c040,0x00000000ec380000)
  to   space 28160K, 0% used [0x00000000eee00000,0x00000000eee00000,0x00000000f0980000)
 ParOldGen       total 90112K, used 40290K [0x00000000a0000000, 0x00000000a5800000, 0x00000000e0000000)
  object space 90112K, 44% used [0x00000000a0000000,0x00000000a2758918,0x00000000a5800000)
 Metaspace       used 83118K, capacity 85824K, committed 86144K, reserved 1124352K
  class space    used 10690K, capacity 11272K, committed 11392K, reserved 1048576K
Event: 1047.913 GC heap after
Heap after GC invocations=19 (full 3):
 PSYoungGen      total 232448K, used 28159K [0x00000000e0000000, 0x00000000f1c00000, 0x0000000100000000)
  eden space 204288K, 0% used [0x00000000e0000000,0x00000000e0000000,0x00000000ec780000)
  from space 28160K, 99% used [0x00000000eee00000,0x00000000f097fd00,0x00000000f0980000)
  to   space 39424K, 0% used [0x00000000ec780000,0x00000000ec780000,0x00000000eee00000)
 ParOldGen       total 90112K, used 58564K [0x00000000a0000000, 0x00000000a5800000, 0x00000000e0000000)
  object space 90112K, 64% used [0x00000000a0000000,0x00000000a3931090,0x00000000a5800000)
 Metaspace       used 83118K, capacity 85824K, committed 86144K, reserved 1124352K
  class space    used 10690K, capacity 11272K, committed 11392K, reserved 1048576K
}
Event: 1057.375 GC heap before
{Heap before GC invocations=20 (full 3):
 PSYoungGen      total 232448K, used 225407K [0x00000000e0000000, 0x00000000f1c00000, 0x0000000100000000)
  eden space 204288K, 96% used [0x00000000e0000000,0x00000000ec0a0110,0x00000000ec780000)
  from space 28160K, 99% used [0x00000000eee00000,0x00000000f097fd00,0x00000000f0980000)
  to   space 39424K, 0% used [0x00000000ec780000,0x00000000ec780000,0x00000000eee00000)
 ParOldGen       total 90112K, used 58564K [0x00000000a0000000, 0x00000000a5800000, 0x00000000e0000000)
  object space 90112K, 64% used [0x00000000a0000000,0x00000000a3931090,0x00000000a5800000)
 Metaspace       used 94632K, capacity 98426K, committed 98496K, reserved 1134592K
  class space    used 12096K, capacity 12860K, committed 12928K, reserved 1048576K
Event: 1057.462 GC heap after
Heap after GC invocations=20 (full 3):
 PSYoungGen      total 243712K, used 28507K [0x00000000e0000000, 0x00000000f3080000, 0x0000000100000000)
  eden space 204288K, 0% used [0x00000000e0000000,0x00000000e0000000,0x00000000ec780000)
  from space 39424K, 72% used [0x00000000ec780000,0x00000000ee356d98,0x00000000eee00000)
  to   space 41984K, 0% used [0x00000000f0780000,0x00000000f0780000,0x00000000f3080000)
 ParOldGen       total 90112K, used 72426K [0x00000000a0000000, 0x00000000a5800000, 0x00000000e0000000)
  object space 90112K, 80% used [0x00000000a0000000,0x00000000a46ba890,0x00000000a5800000)
 Metaspace       used 94632K, capacity 98426K, committed 98496K, reserved 1134592K
  class space    used 12096K, capacity 12860K, committed 12928K, reserved 1048576K
}
Event: 1057.462 GC heap before
{Heap before GC invocations=21 (full 4):
 PSYoungGen      total 243712K, used 28507K [0x00000000e0000000, 0x00000000f3080000, 0x0000000100000000)
  eden space 204288K, 0% used [0x00000000e0000000,0x00000000e0000000,0x00000000ec780000)
  from space 39424K, 72% used [0x00000000ec780000,0x00000000ee356d98,0x00000000eee00000)
  to   space 41984K, 0% used [0x00000000f0780000,0x00000000f0780000,0x00000000f3080000)
 ParOldGen       total 90112K, used 72426K [0x00000000a0000000, 0x00000000a5800000, 0x00000000e0000000)
  object space 90112K, 80% used [0x00000000a0000000,0x00000000a46ba890,0x00000000a5800000)
 Metaspace       used 94632K, capacity 98426K, committed 98496K, reserved 1134592K
  class space    used 12096K, capacity 12860K, committed 12928K, reserved 1048576K
Event: 1058.456 GC heap after
Heap after GC invocations=21 (full 4):
 PSYoungGen      total 243712K, used 0K [0x00000000e0000000, 0x00000000f3080000, 0x0000000100000000)
  eden space 204288K, 0% used [0x00000000e0000000,0x00000000e0000000,0x00000000ec780000)
  from space 39424K, 0% used [0x00000000ec780000,0x00000000ec780000,0x00000000eee00000)
  to   space 41984K, 0% used [0x00000000f0780000,0x00000000f0780000,0x00000000f3080000)
 ParOldGen       total 90112K, used 70193K [0x00000000a0000000, 0x00000000a5800000, 0x00000000e0000000)
  object space 90112K, 77% used [0x00000000a0000000,0x00000000a448c508,0x00000000a5800000)
 Metaspace       used 94417K, capacity 97868K, committed 98496K, reserved 1134592K
  class space    used 12024K, capacity 12736K, committed 12928K, reserved 1048576K
}
Event: 1061.800 GC heap before
{Heap before GC invocations=22 (full 4):
 PSYoungGen      total 243712K, used 204288K [0x00000000e0000000, 0x00000000f3080000, 0x0000000100000000)
  eden space 204288K, 100% used [0x00000000e0000000,0x00000000ec780000,0x00000000ec780000)
  from space 39424K, 0% used [0x00000000ec780000,0x00000000ec780000,0x00000000eee00000)
  to   space 41984K, 0% used [0x00000000f0780000,0x00000000f0780000,0x00000000f3080000)
 ParOldGen       total 90112K, used 70193K [0x00000000a0000000, 0x00000000a5800000, 0x00000000e0000000)
  object space 90112K, 77% used [0x00000000a0000000,0x00000000a448c508,0x00000000a5800000)
 Metaspace       used 96152K, capacity 99838K, committed 100352K, reserved 1136640K
  class space    used 12134K, capacity 12879K, committed 13056K, reserved 1048576K
Event: 1061.814 GC heap after
Heap after GC invocations=22 (full 4):
 PSYoungGen      total 270336K, used 4080K [0x00000000e0000000, 0x00000000f3100000, 0x0000000100000000)
  eden space 228352K, 0% used [0x00000000e0000000,0x00000000e0000000,0x00000000edf00000)
  from space 41984K, 9% used [0x00000000f0780000,0x00000000f0b7c390,0x00000000f3080000)
  to   space 41472K, 0% used [0x00000000edf00000,0x00000000edf00000,0x00000000f0780000)
 ParOldGen       total 90112K, used 70193K [0x00000000a0000000, 0x00000000a5800000, 0x00000000e0000000)
  object space 90112K, 77% used [0x00000000a0000000,0x00000000a448c508,0x00000000a5800000)
 Metaspace       used 96152K, capacity 99838K, committed 100352K, reserved 1136640K
  class space    used 12134K, capacity 12879K, committed 13056K, reserved 1048576K
}

