# JRE version: OpenJDK Runtime Environment (8.0_152-b01) (build 1.8.0_152-release-1343-b01)
# Java VM: OpenJDK 64-Bit Server VM (25.152-b01 mixed mode windows-amd64 compressed oops)
Heap:
 PSYoungGen      total 373248K, used 97582K [0x00000000e0000000, 0x00000000f8180000, 0x0000000100000000)
  eden space 351744K, 25% used [0x00000000e0000000,0x00000000e56b0340,0x00000000f5780000)
  from space 21504K, 40% used [0x00000000f6c80000,0x00000000f751b8a0,0x00000000f8180000)
  to   space 21504K, 0% used [0x00000000f5780000,0x00000000f5780000,0x00000000f6c80000)
 ParOldGen       total 77824K, used 50176K [0x00000000a0000000, 0x00000000a4c00000, 0x00000000e0000000)
  object space 77824K, 64% used [0x00000000a0000000,0x00000000a3100080,0x00000000a4c00000)
 Metaspace       used 90956K, capacity 94200K, committed 94464K, reserved 1132544K
  class space    used 11385K, capacity 12030K, committed 12032K, reserved 1048576K
GC Heap History (10 events):
Event: 1383.529 GC heap before
{Heap before GC invocations=27 (full 3):
 PSYoungGen      total 313856K, used 307131K [0x00000000e0000000, 0x00000000f6c00000, 0x0000000100000000)
  eden space 291840K, 100% used [0x00000000e0000000,0x00000000f1d00000,0x00000000f1d00000)
  from space 22016K, 69% used [0x00000000f1d00000,0x00000000f2beed38,0x00000000f3280000)
  to   space 22528K, 0% used [0x00000000f5600000,0x00000000f5600000,0x00000000f6c00000)
 ParOldGen       total 77824K, used 50152K [0x00000000a0000000, 0x00000000a4c00000, 0x00000000e0000000)
  object space 77824K, 64% used [0x00000000a0000000,0x00000000a30fa080,0x00000000a4c00000)
 Metaspace       used 90750K, capacity 93970K, committed 94208K, reserved 1132544K
  class space    used 11380K, capacity 12027K, committed 12032K, reserved 1048576K
Event: 1383.582 GC heap after
Heap after GC invocations=27 (full 3):
 PSYoungGen      total 346112K, used 14604K [0x00000000e0000000, 0x00000000f6a80000, 0x0000000100000000)
  eden space 325120K, 0% used [0x00000000e0000000,0x00000000e0000000,0x00000000f3d80000)
  from space 20992K, 69% used [0x00000000f5600000,0x00000000f64431d0,0x00000000f6a80000)
  to   space 23040K, 0% used [0x00000000f3d80000,0x00000000f3d80000,0x00000000f5400000)
 ParOldGen       total 77824K, used 50160K [0x00000000a0000000, 0x00000000a4c00000, 0x00000000e0000000)
  object space 77824K, 64% used [0x00000000a0000000,0x00000000a30fc080,0x00000000a4c00000)
 Metaspace       used 90750K, capacity 93970K, committed 94208K, reserved 1132544K
  class space    used 11380K, capacity 12027K, committed 12032K, reserved 1048576K
}
Event: 1388.171 GC heap before
{Heap before GC invocations=28 (full 3):
 PSYoungGen      total 346112K, used 339724K [0x00000000e0000000, 0x00000000f6a80000, 0x0000000100000000)
  eden space 325120K, 100% used [0x00000000e0000000,0x00000000f3d80000,0x00000000f3d80000)
  from space 20992K, 69% used [0x00000000f5600000,0x00000000f64431d0,0x00000000f6a80000)
  to   space 23040K, 0% used [0x00000000f3d80000,0x00000000f3d80000,0x00000000f5400000)
 ParOldGen       total 77824K, used 50160K [0x00000000a0000000, 0x00000000a4c00000, 0x00000000e0000000)
  object space 77824K, 64% used [0x00000000a0000000,0x00000000a30fc080,0x00000000a4c00000)
 Metaspace       used 90841K, capacity 94110K, committed 94208K, reserved 1132544K
  class space    used 11382K, capacity 12027K, committed 12032K, reserved 1048576K
Event: 1388.211 GC heap after
Heap after GC invocations=28 (full 3):
 PSYoungGen      total 348160K, used 11532K [0x00000000e0000000, 0x00000000f8200000, 0x0000000100000000)
  eden space 325120K, 0% used [0x00000000e0000000,0x00000000e0000000,0x00000000f3d80000)
  from space 23040K, 50% used [0x00000000f3d80000,0x00000000f48c32d0,0x00000000f5400000)
  to   space 22016K, 0% used [0x00000000f6c80000,0x00000000f6c80000,0x00000000f8200000)
 ParOldGen       total 77824K, used 50168K [0x00000000a0000000, 0x00000000a4c00000, 0x00000000e0000000)
  object space 77824K, 64% used [0x00000000a0000000,0x00000000a30fe080,0x00000000a4c00000)
 Metaspace       used 90841K, capacity 94110K, committed 94208K, reserved 1132544K
  class space    used 11382K, capacity 12027K, committed 12032K, reserved 1048576K
}
Event: 1391.981 GC heap before
{Heap before GC invocations=29 (full 3):
 PSYoungGen      total 348160K, used 336652K [0x00000000e0000000, 0x00000000f8200000, 0x0000000100000000)
  eden space 325120K, 100% used [0x00000000e0000000,0x00000000f3d80000,0x00000000f3d80000)
  from space 23040K, 50% used [0x00000000f3d80000,0x00000000f48c32d0,0x00000000f5400000)
  to   space 22016K, 0% used [0x00000000f6c80000,0x00000000f6c80000,0x00000000f8200000)
 ParOldGen       total 77824K, used 50168K [0x00000000a0000000, 0x00000000a4c00000, 0x00000000e0000000)
  object space 77824K, 64% used [0x00000000a0000000,0x00000000a30fe080,0x00000000a4c00000)
 Metaspace       used 90866K, capacity 94116K, committed 94208K, reserved 1132544K
  class space    used 11383K, capacity 12028K, committed 12032K, reserved 1048576K
Event: 1392.036 GC heap after
Heap after GC invocations=29 (full 3):
 PSYoungGen      total 373248K, used 9823K [0x00000000e0000000, 0x00000000f8180000, 0x0000000100000000)
  eden space 351744K, 0% used [0x00000000e0000000,0x00000000e0000000,0x00000000f5780000)
  from space 21504K, 45% used [0x00000000f6c80000,0x00000000f7617fe8,0x00000000f8180000)
  to   space 21504K, 0% used [0x00000000f5780000,0x00000000f5780000,0x00000000f6c80000)
 ParOldGen       total 77824K, used 50168K [0x00000000a0000000, 0x00000000a4c00000, 0x00000000e0000000)
  object space 77824K, 64% used [0x00000000a0000000,0x00000000a30fe080,0x00000000a4c00000)
 Metaspace       used 90866K, capacity 94116K, committed 94208K, reserved 1132544K
  class space    used 11383K, capacity 12028K, committed 12032K, reserved 1048576K
}
Event: 1395.593 GC heap before
{Heap before GC invocations=30 (full 3):
 PSYoungGen      total 373248K, used 361567K [0x00000000e0000000, 0x00000000f8180000, 0x0000000100000000)
  eden space 351744K, 100% used [0x00000000e0000000,0x00000000f5780000,0x00000000f5780000)
  from space 21504K, 45% used [0x00000000f6c80000,0x00000000f7617fe8,0x00000000f8180000)
  to   space 21504K, 0% used [0x00000000f5780000,0x00000000f5780000,0x00000000f6c80000)
 ParOldGen       total 77824K, used 50168K [0x00000000a0000000, 0x00000000a4c00000, 0x00000000e0000000)
  object space 77824K, 64% used [0x00000000a0000000,0x00000000a30fe080,0x00000000a4c00000)
 Metaspace       used 90903K, capacity 94124K, committed 94208K, reserved 1132544K
  class space    used 11383K, capacity 12028K, committed 12032K, reserved 1048576K
Event: 1395.670 GC heap after
Heap after GC invocations=30 (full 3):
 PSYoungGen      total 373248K, used 12158K [0x00000000e0000000, 0x00000000f8180000, 0x0000000100000000)
  eden space 351744K, 0% used [0x00000000e0000000,0x00000000e0000000,0x00000000f5780000)
  from space 21504K, 56% used [0x00000000f5780000,0x00000000f635f998,0x00000000f6c80000)
  to   space 21504K, 0% used [0x00000000f6c80000,0x00000000f6c80000,0x00000000f8180000)
 ParOldGen       total 77824K, used 50168K [0x00000000a0000000, 0x00000000a4c00000, 0x00000000e0000000)
  object space 77824K, 64% used [0x00000000a0000000,0x00000000a30fe080,0x00000000a4c00000)
 Metaspace       used 90903K, capacity 94124K, committed 94208K, reserved 1132544K
  class space    used 11383K, capacity 12028K, committed 12032K, reserved 1048576K
}
Event: 1400.045 GC heap before
{Heap before GC invocations=31 (full 3):
 PSYoungGen      total 373248K, used 363902K [0x00000000e0000000, 0x00000000f8180000, 0x0000000100000000)
  eden space 351744K, 100% used [0x00000000e0000000,0x00000000f5780000,0x00000000f5780000)
  from space 21504K, 56% used [0x00000000f5780000,0x00000000f635f998,0x00000000f6c80000)
  to   space 21504K, 0% used [0x00000000f6c80000,0x00000000f6c80000,0x00000000f8180000)
 ParOldGen       total 77824K, used 50168K [0x00000000a0000000, 0x00000000a4c00000, 0x00000000e0000000)
  object space 77824K, 64% used [0x00000000a0000000,0x00000000a30fe080,0x00000000a4c00000)
 Metaspace       used 90943K, capacity 94200K, committed 94464K, reserved 1132544K
  class space    used 11384K, capacity 12030K, committed 12032K, reserved 1048576K
Event: 1400.065 GC heap after
Heap after GC invocations=31 (full 3):
 PSYoungGen      total 373248K, used 8814K [0x00000000e0000000, 0x00000000f8180000, 0x0000000100000000)
  eden space 351744K, 0% used [0x00000000e0000000,0x00000000e0000000,0x00000000f5780000)
  from space 21504K, 40% used [0x00000000f6c80000,0x00000000f751b8a0,0x00000000f8180000)
  to   space 21504K, 0% used [0x00000000f5780000,0x00000000f5780000,0x00000000f6c80000)
 ParOldGen       total 77824K, used 50176K [0x00000000a0000000, 0x00000000a4c00000, 0x00000000e0000000)
  object space 77824K, 64% used [0x00000000a0000000,0x00000000a3100080,0x00000000a4c00000)
 Metaspace       used 90943K, capacity 94200K, committed 94464K, reserved 1132544K
  class space    used 11384K, capacity 12030K, committed 12032K, reserved 1048576K
}

